[2025-11-20 14:02:37Z INFO HostContext] No proxy settings were found based on environmental variables (http_proxy/https_proxy/HTTP_PROXY/HTTPS_PROXY)
[2025-11-20 14:02:37Z INFO HostContext] Well known directory 'Bin': '/home/august/kurlayndskiy-dvorik/actions-runner/bin'
[2025-11-20 14:02:37Z INFO HostContext] Well known directory 'Root': '/home/august/kurlayndskiy-dvorik/actions-runner'
[2025-11-20 14:02:37Z INFO HostContext] Well known config file 'Credentials': '/home/august/kurlayndskiy-dvorik/actions-runner/.credentials'
[2025-11-20 14:02:37Z INFO HostContext] Well known directory 'Bin': '/home/august/kurlayndskiy-dvorik/actions-runner/bin'
[2025-11-20 14:02:37Z INFO HostContext] Well known directory 'Root': '/home/august/kurlayndskiy-dvorik/actions-runner'
[2025-11-20 14:02:37Z INFO HostContext] Well known config file 'Runner': '/home/august/kurlayndskiy-dvorik/actions-runner/.runner'
[2025-11-20 14:02:37Z INFO Listener] Runner is built for Linux (X64) - linux-x64.
[2025-11-20 14:02:37Z INFO Listener] RuntimeInformation: Ubuntu 25.10.
[2025-11-20 14:02:37Z INFO Listener] Version: 2.329.0
[2025-11-20 14:02:37Z INFO Listener] Commit: c76c59996c8fa32e989164a5a695efb12608ae5a
[2025-11-20 14:02:37Z INFO Listener] Culture: ru-RU
[2025-11-20 14:02:37Z INFO Listener] UI Culture: ru-RU
[2025-11-20 14:02:37Z INFO HostContext] Well known directory 'Bin': '/home/august/kurlayndskiy-dvorik/actions-runner/bin'
[2025-11-20 14:02:37Z INFO HostContext] Well known directory 'Root': '/home/august/kurlayndskiy-dvorik/actions-runner'
[2025-11-20 14:02:37Z INFO Listener] Validating directory permissions for: '/home/august/kurlayndskiy-dvorik/actions-runner'
[2025-11-20 14:02:37Z INFO CommandLineParser] Parse
[2025-11-20 14:02:37Z INFO CommandLineParser] Parsing 3 args
[2025-11-20 14:02:37Z INFO CommandLineParser] parsing argument
[2025-11-20 14:02:37Z INFO CommandLineParser] HasArgs: False
[2025-11-20 14:02:37Z INFO CommandLineParser] Adding Command: run
[2025-11-20 14:02:37Z INFO CommandLineParser] parsing argument
[2025-11-20 14:02:37Z INFO CommandLineParser] HasArgs: True
[2025-11-20 14:02:37Z INFO CommandLineParser] arg: startuptype
[2025-11-20 14:02:37Z INFO CommandLineParser] parsing argument
[2025-11-20 14:02:37Z INFO CommandLineParser] HasArgs: True
[2025-11-20 14:02:37Z INFO CommandLineParser] Adding option 'startuptype': 'service'
[2025-11-20 14:02:37Z INFO Listener] Arguments parsed
[2025-11-20 14:02:37Z INFO Runner] ExecuteCommand
[2025-11-20 14:02:37Z INFO ConfigurationStore] currentAssemblyLocation: /home/august/kurlayndskiy-dvorik/actions-runner/bin/Runner.Listener.dll
[2025-11-20 14:02:37Z INFO HostContext] Well known directory 'Bin': '/home/august/kurlayndskiy-dvorik/actions-runner/bin'
[2025-11-20 14:02:37Z INFO ConfigurationStore] binPath: /home/august/kurlayndskiy-dvorik/actions-runner/bin
[2025-11-20 14:02:37Z INFO HostContext] Well known directory 'Bin': '/home/august/kurlayndskiy-dvorik/actions-runner/bin'
[2025-11-20 14:02:37Z INFO HostContext] Well known directory 'Root': '/home/august/kurlayndskiy-dvorik/actions-runner'
[2025-11-20 14:02:37Z INFO ConfigurationStore] RootFolder: /home/august/kurlayndskiy-dvorik/actions-runner
[2025-11-20 14:02:37Z INFO HostContext] Well known directory 'Bin': '/home/august/kurlayndskiy-dvorik/actions-runner/bin'
[2025-11-20 14:02:37Z INFO HostContext] Well known directory 'Root': '/home/august/kurlayndskiy-dvorik/actions-runner'
[2025-11-20 14:02:37Z INFO HostContext] Well known config file 'Runner': '/home/august/kurlayndskiy-dvorik/actions-runner/.runner'
[2025-11-20 14:02:37Z INFO ConfigurationStore] ConfigFilePath: /home/august/kurlayndskiy-dvorik/actions-runner/.runner
[2025-11-20 14:02:37Z INFO HostContext] Well known directory 'Bin': '/home/august/kurlayndskiy-dvorik/actions-runner/bin'
[2025-11-20 14:02:37Z INFO HostContext] Well known directory 'Root': '/home/august/kurlayndskiy-dvorik/actions-runner'
[2025-11-20 14:02:37Z INFO HostContext] Well known config file 'MigratedRunner': '/home/august/kurlayndskiy-dvorik/actions-runner/.runner_migrated'
[2025-11-20 14:02:37Z INFO ConfigurationStore] MigratedConfigFilePath: /home/august/kurlayndskiy-dvorik/actions-runner/.runner_migrated
[2025-11-20 14:02:37Z INFO HostContext] Well known directory 'Bin': '/home/august/kurlayndskiy-dvorik/actions-runner/bin'
[2025-11-20 14:02:37Z INFO HostContext] Well known directory 'Root': '/home/august/kurlayndskiy-dvorik/actions-runner'
[2025-11-20 14:02:37Z INFO HostContext] Well known config file 'Credentials': '/home/august/kurlayndskiy-dvorik/actions-runner/.credentials'
[2025-11-20 14:02:37Z INFO ConfigurationStore] CredFilePath: /home/august/kurlayndskiy-dvorik/actions-runner/.credentials
[2025-11-20 14:02:37Z INFO HostContext] Well known directory 'Bin': '/home/august/kurlayndskiy-dvorik/actions-runner/bin'
[2025-11-20 14:02:37Z INFO HostContext] Well known directory 'Root': '/home/august/kurlayndskiy-dvorik/actions-runner'
[2025-11-20 14:02:37Z INFO HostContext] Well known config file 'MigratedCredentials': '/home/august/kurlayndskiy-dvorik/actions-runner/.credentials_migrated'
[2025-11-20 14:02:37Z INFO ConfigurationStore] MigratedCredFilePath: /home/august/kurlayndskiy-dvorik/actions-runner/.credentials_migrated
[2025-11-20 14:02:37Z INFO HostContext] Well known directory 'Bin': '/home/august/kurlayndskiy-dvorik/actions-runner/bin'
[2025-11-20 14:02:37Z INFO HostContext] Well known directory 'Root': '/home/august/kurlayndskiy-dvorik/actions-runner'
[2025-11-20 14:02:37Z INFO HostContext] Well known config file 'Service': '/home/august/kurlayndskiy-dvorik/actions-runner/.service'
[2025-11-20 14:02:37Z INFO ConfigurationStore] ServiceConfigFilePath: /home/august/kurlayndskiy-dvorik/actions-runner/.service
[2025-11-20 14:02:37Z INFO CommandSettings] Flag 'help': 'False'
[2025-11-20 14:02:37Z INFO CommandSettings] Flag 'version': 'False'
[2025-11-20 14:02:37Z INFO CommandSettings] Flag 'commit': 'False'
[2025-11-20 14:02:37Z INFO CommandSettings] Flag 'check': 'False'
[2025-11-20 14:02:37Z INFO CommandSettings] Command 'configure': 'False'
[2025-11-20 14:02:37Z INFO CommandSettings] Command 'remove': 'False'
[2025-11-20 14:02:37Z INFO CommandSettings] Command 'warmup': 'False'
[2025-11-20 14:02:37Z INFO ConfigurationManager] LoadSettings
[2025-11-20 14:02:37Z INFO ConfigurationStore] IsConfigured()
[2025-11-20 14:02:37Z INFO ConfigurationStore] IsConfigured: True
[2025-11-20 14:02:37Z INFO ConfigurationManager] Is configured: True
[2025-11-20 14:02:37Z INFO ConfigurationStore] Read setting file: 384 chars
[2025-11-20 14:02:37Z INFO ConfigurationManager] Settings Loaded
[2025-11-20 14:02:37Z INFO ConfigurationStore] IsServiceConfigured()
[2025-11-20 14:02:37Z INFO ConfigurationStore] IsServiceConfigured: True
[2025-11-20 14:02:37Z INFO CommandSettings] Command 'run': 'True'
[2025-11-20 14:02:37Z INFO ConfigurationStore] IsConfigured()
[2025-11-20 14:02:37Z INFO ConfigurationStore] IsConfigured: True
[2025-11-20 14:02:37Z INFO ConfigurationManager] Is configured: True
[2025-11-20 14:02:37Z INFO Runner] Set runner startup type - Service
[2025-11-20 14:02:37Z INFO CommandSettings] Flag 'once': 'False'
[2025-11-20 14:02:37Z INFO CommandSettings] Flag 'once': 'False'
[2025-11-20 14:02:37Z INFO Runner] RunAsync
[2025-11-20 14:02:37Z INFO ConfigurationManager] LoadMigratedSettings
[2025-11-20 14:02:37Z INFO ConfigurationStore] IsMigratedConfigured()
[2025-11-20 14:02:37Z INFO ConfigurationStore] IsMigratedConfigured: True
[2025-11-20 14:02:37Z INFO ConfigurationStore] Read migrated setting file: 384 chars
[2025-11-20 14:02:37Z INFO ConfigurationManager] Migrated Settings Loaded
[2025-11-20 14:02:37Z INFO Runner] Loaded migrated settings from .runner_migrated file
[2025-11-20 14:02:37Z INFO Runner] {
  "AgentId": 2,
  "AgentName": "linuxxx",
  "PoolId": 1,
  "PoolName": "Default",
  "ServerUrl": "https://pipelinesghubeus10.actions.githubusercontent.com/JWfv2DGoZHzKwRuTfqlXMIeApNmZ2ZTH4EufbDvBJkyLpLUU85/",
  "GitHubUrl": "https://github.com/fuckinLinuxuser/Kurland",
  "WorkFolder": "_work",
  "UseV2Flow": true,
  "ServerUrlV2": "https://broker.actions.githubusercontent.com/"
}
[2025-11-20 14:02:37Z INFO Runner] Attempting to create session using migrated settings
[2025-11-20 14:02:37Z INFO Runner] Using BrokerMessageListener
[2025-11-20 14:02:37Z INFO BrokerMessageListener] Using provided settings
[2025-11-20 14:02:37Z INFO BrokerMessageListener] Using migrated settings from .runner_migrated
[2025-11-20 14:02:37Z INFO BrokerMessageListener] {
  "AgentId": 2,
  "AgentName": "linuxxx",
  "PoolId": 1,
  "PoolName": "Default",
  "ServerUrl": "https://pipelinesghubeus10.actions.githubusercontent.com/JWfv2DGoZHzKwRuTfqlXMIeApNmZ2ZTH4EufbDvBJkyLpLUU85/",
  "GitHubUrl": "https://github.com/fuckinLinuxuser/Kurland",
  "WorkFolder": "_work",
  "UseV2Flow": true,
  "ServerUrlV2": "https://broker.actions.githubusercontent.com/"
}
[2025-11-20 14:02:37Z INFO BrokerMessageListener] Loading Credentials
[2025-11-20 14:02:37Z INFO ConfigurationStore] HasCredentials()
[2025-11-20 14:02:37Z INFO ConfigurationStore] stored True
[2025-11-20 14:02:37Z INFO CredentialManager] GetCredentialProvider
[2025-11-20 14:02:37Z INFO CredentialManager] Creating type OAuth
[2025-11-20 14:02:37Z INFO CredentialManager] Creating credential type: OAuth
[2025-11-20 14:02:37Z INFO HostContext] Well known directory 'Bin': '/home/august/kurlayndskiy-dvorik/actions-runner/bin'
[2025-11-20 14:02:37Z INFO HostContext] Well known directory 'Root': '/home/august/kurlayndskiy-dvorik/actions-runner'
[2025-11-20 14:02:37Z INFO HostContext] Well known config file 'RSACredentials': '/home/august/kurlayndskiy-dvorik/actions-runner/.credentials_rsaparams'
[2025-11-20 14:02:37Z INFO RSAFileKeyManager] Loading RSA key parameters from file /home/august/kurlayndskiy-dvorik/actions-runner/.credentials_rsaparams
[2025-11-20 14:02:37Z INFO BrokerMessageListener] Attempt to create session.
[2025-11-20 14:02:37Z INFO BrokerMessageListener] Connecting to the Broker Server...
[2025-11-20 14:02:37Z INFO ConfigurationStore] HasCredentials()
[2025-11-20 14:02:37Z INFO ConfigurationStore] stored True
[2025-11-20 14:02:37Z INFO CredentialManager] GetCredentialProvider
[2025-11-20 14:02:37Z INFO CredentialManager] Creating type OAuth
[2025-11-20 14:02:37Z INFO CredentialManager] Creating credential type: OAuth
[2025-11-20 14:02:37Z INFO RSAFileKeyManager] Loading RSA key parameters from file /home/august/kurlayndskiy-dvorik/actions-runner/.credentials_rsaparams
[2025-11-20 14:02:37Z INFO BrokerMessageListener] VssConnection created
[2025-11-20 14:02:37Z INFO BrokerMessageListener] Connecting to the Runner server...
[2025-11-20 14:02:37Z INFO RunnerServer] EstablishVssConnection
[2025-11-20 14:02:37Z INFO RunnerServer] Establish connection with 100 seconds timeout.
[2025-11-20 14:02:37Z INFO GitHubActionsService] Starting operation Location.GetConnectionData
[2025-11-20 14:02:37Z INFO RunnerServer] EstablishVssConnection
[2025-11-20 14:02:37Z INFO RunnerServer] Establish connection with 60 seconds timeout.
[2025-11-20 14:02:37Z INFO GitHubActionsService] Starting operation Location.GetConnectionData
[2025-11-20 14:02:37Z INFO RunnerServer] EstablishVssConnection
[2025-11-20 14:02:37Z INFO RunnerServer] Establish connection with 60 seconds timeout.
[2025-11-20 14:02:37Z INFO GitHubActionsService] Starting operation Location.GetConnectionData
[2025-11-20 14:02:38Z INFO GitHubActionsService] Finished operation Location.GetConnectionData
[2025-11-20 14:02:38Z INFO GitHubActionsService] Finished operation Location.GetConnectionData
[2025-11-20 14:02:38Z INFO GitHubActionsService] Finished operation Location.GetConnectionData
[2025-11-20 14:02:39Z INFO BrokerMessageListener] VssConnection created
[2025-11-20 14:02:39Z INFO Terminal] WRITE LINE: 
[2025-11-20 14:02:39Z INFO Terminal] WRITE LINE: 
[2025-11-20 14:02:39Z INFO RSAFileKeyManager] Loading RSA key parameters from file /home/august/kurlayndskiy-dvorik/actions-runner/.credentials_rsaparams
[2025-11-20 14:02:39Z INFO RSAFileKeyManager] Loading RSA key parameters from file /home/august/kurlayndskiy-dvorik/actions-runner/.credentials_rsaparams
[2025-11-20 14:02:39Z INFO GitHubActionsService] AAD Correlation ID for this token request: Unknown
[2025-11-20 14:02:40Z INFO BrokerMessageListener] Session created.
[2025-11-20 14:02:40Z INFO Runner] Successfully created session with migrated settings
[2025-11-20 14:02:40Z INFO Terminal] WRITE LINE: Current runner version: '2.329.0'
[2025-11-20 14:02:40Z INFO Terminal] WRITE LINE: 2025-11-20 14:02:40Z: Listening for Jobs
[2025-11-20 14:02:40Z INFO JobDispatcher] Set runner/worker IPC timeout to 30 seconds.
[2025-11-20 14:03:10Z INFO Runner] Received RunnerRefreshConfigMessage for 'runner' config file
[2025-11-20 14:03:10Z INFO RunnerConfigUpdater] Verifying runner qualified id: U_kgDODHMuzg/R_kgDOQTZdAQ/self-hosted/2
[2025-11-20 14:03:10Z INFO HostContext] Well known directory 'Bin': '/home/august/kurlayndskiy-dvorik/actions-runner/bin'
[2025-11-20 14:03:10Z INFO HostContext] Well known directory 'Root': '/home/august/kurlayndskiy-dvorik/actions-runner'
[2025-11-20 14:03:10Z INFO HostContext] Well known config file 'Runner': '/home/august/kurlayndskiy-dvorik/actions-runner/.runner'
[2025-11-20 14:03:10Z INFO RSAFileKeyManager] Loading RSA key parameters from file /home/august/kurlayndskiy-dvorik/actions-runner/.credentials_rsaparams
[2025-11-20 14:03:10Z INFO RSAFileKeyManager] Loading RSA key parameters from file /home/august/kurlayndskiy-dvorik/actions-runner/.credentials_rsaparams
[2025-11-20 14:03:11Z INFO GitHubActionsService] AAD Correlation ID for this token request: Unknown
[2025-11-20 14:03:11Z INFO ConfigurationStore] Saving runner migrated settings
[2025-11-20 14:03:11Z INFO ConfigurationStore] Delete exist runner migrated settings file.
[2025-11-20 14:03:11Z INFO ConfigurationStore] Migrated Settings Saved.
[2025-11-20 14:03:12Z INFO Runner] Runner configuration was updated. Session restart has been scheduled
[2025-11-20 14:03:12Z INFO Runner] Pending session restart detected and job dispatcher is not busy. Restarting session now.
[2025-11-20 14:03:12Z INFO JobDispatcher] Shutting down JobDispatcher. Make sure all WorkerDispatcher has finished.
[2025-11-20 14:03:12Z INFO Runner] Deleting Runner Session...
[2025-11-20 14:03:12Z INFO Runner] Restarting runner session after config update...
[2025-11-20 14:03:12Z INFO Runner] Runner configuration was refreshed, restarting session...
[2025-11-20 14:03:12Z INFO ConfigurationManager] LoadSettings
[2025-11-20 14:03:12Z INFO ConfigurationStore] IsConfigured()
[2025-11-20 14:03:12Z INFO ConfigurationStore] IsConfigured: True
[2025-11-20 14:03:12Z INFO ConfigurationManager] Is configured: True
[2025-11-20 14:03:12Z INFO ConfigurationManager] Settings Loaded
[2025-11-20 14:03:12Z INFO Runner] RunAsync
[2025-11-20 14:03:12Z INFO ConfigurationManager] LoadMigratedSettings
[2025-11-20 14:03:12Z INFO ConfigurationStore] IsMigratedConfigured()
[2025-11-20 14:03:12Z INFO ConfigurationStore] IsMigratedConfigured: True
[2025-11-20 14:03:12Z INFO ConfigurationManager] Migrated Settings Loaded
[2025-11-20 14:03:12Z INFO Runner] Loaded migrated settings from .runner_migrated file
[2025-11-20 14:03:12Z INFO Runner] {
  "AgentId": 2,
  "AgentName": "linuxxx",
  "PoolId": 1,
  "PoolName": "Default",
  "ServerUrl": "https://pipelinesghubeus10.actions.githubusercontent.com/JWfv2DGoZHzKwRuTfqlXMIeApNmZ2ZTH4EufbDvBJkyLpLUU85/",
  "GitHubUrl": "https://github.com/fuckinLinuxuser/Kurland",
  "WorkFolder": "_work",
  "UseV2Flow": true,
  "ServerUrlV2": "https://broker.actions.githubusercontent.com/"
}
[2025-11-20 14:03:12Z INFO Runner] Attempting to create session using migrated settings
[2025-11-20 14:03:12Z INFO Runner] Using BrokerMessageListener
[2025-11-20 14:03:12Z INFO BrokerMessageListener] Using provided settings
[2025-11-20 14:03:12Z INFO BrokerMessageListener] Using migrated settings from .runner_migrated
[2025-11-20 14:03:12Z INFO BrokerMessageListener] {
  "AgentId": 2,
  "AgentName": "linuxxx",
  "PoolId": 1,
  "PoolName": "Default",
  "ServerUrl": "https://pipelinesghubeus10.actions.githubusercontent.com/JWfv2DGoZHzKwRuTfqlXMIeApNmZ2ZTH4EufbDvBJkyLpLUU85/",
  "GitHubUrl": "https://github.com/fuckinLinuxuser/Kurland",
  "WorkFolder": "_work",
  "UseV2Flow": true,
  "ServerUrlV2": "https://broker.actions.githubusercontent.com/"
}
[2025-11-20 14:03:12Z INFO BrokerMessageListener] Loading Credentials
[2025-11-20 14:03:12Z INFO ConfigurationStore] HasCredentials()
[2025-11-20 14:03:12Z INFO ConfigurationStore] stored True
[2025-11-20 14:03:12Z INFO CredentialManager] GetCredentialProvider
[2025-11-20 14:03:12Z INFO CredentialManager] Creating type OAuth
[2025-11-20 14:03:12Z INFO CredentialManager] Creating credential type: OAuth
[2025-11-20 14:03:12Z INFO RSAFileKeyManager] Loading RSA key parameters from file /home/august/kurlayndskiy-dvorik/actions-runner/.credentials_rsaparams
[2025-11-20 14:03:12Z INFO BrokerMessageListener] Attempt to create session.
[2025-11-20 14:03:12Z INFO BrokerMessageListener] Connecting to the Broker Server...
[2025-11-20 14:03:12Z INFO ConfigurationStore] HasCredentials()
[2025-11-20 14:03:12Z INFO ConfigurationStore] stored True
[2025-11-20 14:03:12Z INFO CredentialManager] GetCredentialProvider
[2025-11-20 14:03:12Z INFO CredentialManager] Creating type OAuth
[2025-11-20 14:03:12Z INFO CredentialManager] Creating credential type: OAuth
[2025-11-20 14:03:12Z INFO RSAFileKeyManager] Loading RSA key parameters from file /home/august/kurlayndskiy-dvorik/actions-runner/.credentials_rsaparams
[2025-11-20 14:03:12Z INFO BrokerMessageListener] VssConnection created
[2025-11-20 14:03:12Z INFO BrokerMessageListener] Connecting to the Runner server...
[2025-11-20 14:03:12Z INFO RunnerServer] EstablishVssConnection
[2025-11-20 14:03:12Z INFO RunnerServer] Establish connection with 100 seconds timeout.
[2025-11-20 14:03:12Z INFO GitHubActionsService] Starting operation Location.GetConnectionData
[2025-11-20 14:03:12Z INFO RunnerServer] EstablishVssConnection
[2025-11-20 14:03:12Z INFO RunnerServer] Establish connection with 60 seconds timeout.
[2025-11-20 14:03:12Z INFO GitHubActionsService] Starting operation Location.GetConnectionData
[2025-11-20 14:03:12Z INFO RunnerServer] EstablishVssConnection
[2025-11-20 14:03:12Z INFO RunnerServer] Establish connection with 60 seconds timeout.
[2025-11-20 14:03:12Z INFO GitHubActionsService] Starting operation Location.GetConnectionData
[2025-11-20 14:03:13Z INFO GitHubActionsService] Finished operation Location.GetConnectionData
[2025-11-20 14:03:13Z INFO GitHubActionsService] Finished operation Location.GetConnectionData
[2025-11-20 14:03:13Z INFO GitHubActionsService] Finished operation Location.GetConnectionData
[2025-11-20 14:03:13Z INFO BrokerMessageListener] VssConnection created
[2025-11-20 14:03:13Z INFO Terminal] WRITE LINE: 
[2025-11-20 14:03:13Z INFO Terminal] WRITE LINE: 
[2025-11-20 14:03:13Z INFO RSAFileKeyManager] Loading RSA key parameters from file /home/august/kurlayndskiy-dvorik/actions-runner/.credentials_rsaparams
[2025-11-20 14:03:13Z INFO RSAFileKeyManager] Loading RSA key parameters from file /home/august/kurlayndskiy-dvorik/actions-runner/.credentials_rsaparams
[2025-11-20 14:03:14Z INFO GitHubActionsService] AAD Correlation ID for this token request: Unknown
[2025-11-20 14:03:14Z INFO BrokerMessageListener] Session created.
[2025-11-20 14:03:14Z INFO Runner] Successfully created session with migrated settings
[2025-11-20 14:03:14Z INFO Terminal] WRITE LINE: Current runner version: '2.329.0'
[2025-11-20 14:03:14Z INFO Terminal] WRITE LINE: 2025-11-20 14:03:14Z: Listening for Jobs
[2025-11-20 14:03:14Z INFO JobDispatcher] Set runner/worker IPC timeout to 30 seconds.
[2025-11-20 14:53:32Z INFO RSAFileKeyManager] Loading RSA key parameters from file /home/august/kurlayndskiy-dvorik/actions-runner/.credentials_rsaparams
[2025-11-20 14:53:33Z INFO GitHubActionsService] AAD Correlation ID for this token request: Unknown
